Received data: {
    "ref": "refs/heads/main",
    "before": "514ad0e10b11a0ae1148dce6e61b00a5ffee5eb9",
    "after": "4dc6e9b8cb9ab4b1549f88bd4ae99b1088efe544",
    "repository": {
        "id": 934600601,
        "node_id": "R_kgDON7TfmQ",
        "name": "calculator",
        "full_name": "Howard1Cranel/calculator",
        "private": false,
        "owner": {
            "name": "Howard1Cranel",
            "email": "143862938+Howard1Cranel@users.noreply.github.com",
            "login": "Howard1Cranel",
            "id": 143862938,
            "node_id": "U_kgDOCJMsmg",
            "avatar_url": "https://avatars.githubusercontent.com/u/143862938?v=4",
            "gravatar_id": "",
            "url": "https://api.github.com/users/Howard1Cranel",
            "html_url": "https://github.com/Howard1Cranel",
            "followers_url": "https://api.github.com/users/Howard1Cranel/followers",
            "following_url": "https://api.github.com/users/Howard1Cranel/following{/other_user}",
            "gists_url": "https://api.github.com/users/Howard1Cranel/gists{/gist_id}",
            "starred_url": "https://api.github.com/users/Howard1Cranel/starred{/owner}{/repo}",
            "subscriptions_url": "https://api.github.com/users/Howard1Cranel/subscriptions",
            "organizations_url": "https://api.github.com/users/Howard1Cranel/orgs",
            "repos_url": "https://api.github.com/users/Howard1Cranel/repos",
            "events_url": "https://api.github.com/users/Howard1Cranel/events{/privacy}",
            "received_events_url": "https://api.github.com/users/Howard1Cranel/received_events",
            "type": "User",
            "user_view_type": "public",
            "site_admin": false
        },
        "html_url": "https://github.com/Howard1Cranel/calculator",
        "description": null,
        "fork": false,
        "url": "https://github.com/Howard1Cranel/calculator",
        "forks_url": "https://api.github.com/repos/Howard1Cranel/calculator/forks",
        "keys_url": "https://api.github.com/repos/Howard1Cranel/calculator/keys{/key_id}",
        "collaborators_url": "https://api.github.com/repos/Howard1Cranel/calculator/collaborators{/collaborator}",
        "teams_url": "https://api.github.com/repos/Howard1Cranel/calculator/teams",
        "hooks_url": "https://api.github.com/repos/Howard1Cranel/calculator/hooks",
        "issue_events_url": "https://api.github.com/repos/Howard1Cranel/calculator/issues/events{/number}",
        "events_url": "https://api.github.com/repos/Howard1Cranel/calculator/events",
        "assignees_url": "https://api.github.com/repos/Howard1Cranel/calculator/assignees{/user}",
        "branches_url": "https://api.github.com/repos/Howard1Cranel/calculator/branches{/branch}",
        "tags_url": "https://api.github.com/repos/Howard1Cranel/calculator/tags",
        "blobs_url": "https://api.github.com/repos/Howard1Cranel/calculator/git/blobs{/sha}",
        "git_tags_url": "https://api.github.com/repos/Howard1Cranel/calculator/git/tags{/sha}",
        "git_refs_url": "https://api.github.com/repos/Howard1Cranel/calculator/git/refs{/sha}",
        "trees_url": "https://api.github.com/repos/Howard1Cranel/calculator/git/trees{/sha}",
        "statuses_url": "https://api.github.com/repos/Howard1Cranel/calculator/statuses/{sha}",
        "languages_url": "https://api.github.com/repos/Howard1Cranel/calculator/languages",
        "stargazers_url": "https://api.github.com/repos/Howard1Cranel/calculator/stargazers",
        "contributors_url": "https://api.github.com/repos/Howard1Cranel/calculator/contributors",
        "subscribers_url": "https://api.github.com/repos/Howard1Cranel/calculator/subscribers",
        "subscription_url": "https://api.github.com/repos/Howard1Cranel/calculator/subscription",
        "commits_url": "https://api.github.com/repos/Howard1Cranel/calculator/commits{/sha}",
        "git_commits_url": "https://api.github.com/repos/Howard1Cranel/calculator/git/commits{/sha}",
        "comments_url": "https://api.github.com/repos/Howard1Cranel/calculator/comments{/number}",
        "issue_comment_url": "https://api.github.com/repos/Howard1Cranel/calculator/issues/comments{/number}",
        "contents_url": "https://api.github.com/repos/Howard1Cranel/calculator/contents/{+path}",
        "compare_url": "https://api.github.com/repos/Howard1Cranel/calculator/compare/{base}...{head}",
        "merges_url": "https://api.github.com/repos/Howard1Cranel/calculator/merges",
        "archive_url": "https://api.github.com/repos/Howard1Cranel/calculator/{archive_format}{/ref}",
        "downloads_url": "https://api.github.com/repos/Howard1Cranel/calculator/downloads",
        "issues_url": "https://api.github.com/repos/Howard1Cranel/calculator/issues{/number}",
        "pulls_url": "https://api.github.com/repos/Howard1Cranel/calculator/pulls{/number}",
        "milestones_url": "https://api.github.com/repos/Howard1Cranel/calculator/milestones{/number}",
        "notifications_url": "https://api.github.com/repos/Howard1Cranel/calculator/notifications{?since,all,participating}",
        "labels_url": "https://api.github.com/repos/Howard1Cranel/calculator/labels{/name}",
        "releases_url": "https://api.github.com/repos/Howard1Cranel/calculator/releases{/id}",
        "deployments_url": "https://api.github.com/repos/Howard1Cranel/calculator/deployments",
        "created_at": 1739855861,
        "updated_at": "2025-02-22T06:58:16Z",
        "pushed_at": 1740207545,
        "git_url": "git://github.com/Howard1Cranel/calculator.git",
        "ssh_url": "git@github.com:Howard1Cranel/calculator.git",
        "clone_url": "https://github.com/Howard1Cranel/calculator.git",
        "svn_url": "https://github.com/Howard1Cranel/calculator",
        "homepage": null,
        "size": 6,
        "stargazers_count": 0,
        "watchers_count": 0,
        "language": "Python",
        "has_issues": true,
        "has_projects": true,
        "has_downloads": true,
        "has_wiki": true,
        "has_pages": false,
        "has_discussions": false,
        "forks_count": 0,
        "mirror_url": null,
        "archived": false,
        "disabled": false,
        "open_issues_count": 0,
        "license": null,
        "allow_forking": true,
        "is_template": false,
        "web_commit_signoff_required": false,
        "topics": [],
        "visibility": "public",
        "forks": 0,
        "open_issues": 0,
        "watchers": 0,
        "default_branch": "main",
        "stargazers": 0,
        "master_branch": "main"
    },
    "pusher": {
        "name": "Howard1Cranel",
        "email": "143862938+Howard1Cranel@users.noreply.github.com"
    },
    "sender": {
        "login": "Howard1Cranel",
        "id": 143862938,
        "node_id": "U_kgDOCJMsmg",
        "avatar_url": "https://avatars.githubusercontent.com/u/143862938?v=4",
        "gravatar_id": "",
        "url": "https://api.github.com/users/Howard1Cranel",
        "html_url": "https://github.com/Howard1Cranel",
        "followers_url": "https://api.github.com/users/Howard1Cranel/followers",
        "following_url": "https://api.github.com/users/Howard1Cranel/following{/other_user}",
        "gists_url": "https://api.github.com/users/Howard1Cranel/gists{/gist_id}",
        "starred_url": "https://api.github.com/users/Howard1Cranel/starred{/owner}{/repo}",
        "subscriptions_url": "https://api.github.com/users/Howard1Cranel/subscriptions",
        "organizations_url": "https://api.github.com/users/Howard1Cranel/orgs",
        "repos_url": "https://api.github.com/users/Howard1Cranel/repos",
        "events_url": "https://api.github.com/users/Howard1Cranel/events{/privacy}",
        "received_events_url": "https://api.github.com/users/Howard1Cranel/received_events",
        "type": "User",
        "user_view_type": "public",
        "site_admin": false
    },
    "created": false,
    "deleted": false,
    "forced": false,
    "base_ref": null,
    "compare": "https://github.com/Howard1Cranel/calculator/compare/514ad0e10b11...4dc6e9b8cb9a",
    "commits": [
        {
            "id": "4dc6e9b8cb9ab4b1549f88bd4ae99b1088efe544",
            "tree_id": "ec75c6e2130eb88ce5ed77830c521f20c22e6471",
            "distinct": true,
            "message": "Update form.html",
            "timestamp": "2025-02-22T13:59:05+07:00",
            "url": "https://github.com/Howard1Cranel/calculator/commit/4dc6e9b8cb9ab4b1549f88bd4ae99b1088efe544",
            "author": {
                "name": "Romanov Matvey",
                "email": "143862938+Howard1Cranel@users.noreply.github.com",
                "username": "Howard1Cranel"
            },
            "committer": {
                "name": "GitHub",
                "email": "noreply@github.com",
                "username": "web-flow"
            },
            "added": [],
            "removed": [],
            "modified": [
                "templates/form.html"
            ]
        }
    ],
    "head_commit": {
        "id": "4dc6e9b8cb9ab4b1549f88bd4ae99b1088efe544",
        "tree_id": "ec75c6e2130eb88ce5ed77830c521f20c22e6471",
        "distinct": true,
        "message": "Update form.html",
        "timestamp": "2025-02-22T13:59:05+07:00",
        "url": "https://github.com/Howard1Cranel/calculator/commit/4dc6e9b8cb9ab4b1549f88bd4ae99b1088efe544",
        "author": {
            "name": "Romanov Matvey",
            "email": "143862938+Howard1Cranel@users.noreply.github.com",
            "username": "Howard1Cranel"
        },
        "committer": {
            "name": "GitHub",
            "email": "noreply@github.com",
            "username": "web-flow"
        },
        "added": [],
        "removed": [],
        "modified": [
            "templates/form.html"
        ]
    }
}
Received data: {
    "ref": "refs/heads/main",
    "before": "514ad0e10b11a0ae1148dce6e61b00a5ffee5eb9",
    "after": "4dc6e9b8cb9ab4b1549f88bd4ae99b1088efe544",
    "repository": {
        "id": 934600601,
        "node_id": "R_kgDON7TfmQ",
        "name": "calculator",
        "full_name": "Howard1Cranel/calculator",
        "private": false,
        "owner": {
            "name": "Howard1Cranel",
            "email": "143862938+Howard1Cranel@users.noreply.github.com",
            "login": "Howard1Cranel",
            "id": 143862938,
            "node_id": "U_kgDOCJMsmg",
            "avatar_url": "https://avatars.githubusercontent.com/u/143862938?v=4",
            "gravatar_id": "",
            "url": "https://api.github.com/users/Howard1Cranel",
            "html_url": "https://github.com/Howard1Cranel",
            "followers_url": "https://api.github.com/users/Howard1Cranel/followers",
            "following_url": "https://api.github.com/users/Howard1Cranel/following{/other_user}",
            "gists_url": "https://api.github.com/users/Howard1Cranel/gists{/gist_id}",
            "starred_url": "https://api.github.com/users/Howard1Cranel/starred{/owner}{/repo}",
            "subscriptions_url": "https://api.github.com/users/Howard1Cranel/subscriptions",
            "organizations_url": "https://api.github.com/users/Howard1Cranel/orgs",
            "repos_url": "https://api.github.com/users/Howard1Cranel/repos",
            "events_url": "https://api.github.com/users/Howard1Cranel/events{/privacy}",
            "received_events_url": "https://api.github.com/users/Howard1Cranel/received_events",
            "type": "User",
            "user_view_type": "public",
            "site_admin": false
        },
        "html_url": "https://github.com/Howard1Cranel/calculator",
        "description": null,
        "fork": false,
        "url": "https://github.com/Howard1Cranel/calculator",
        "forks_url": "https://api.github.com/repos/Howard1Cranel/calculator/forks",
        "keys_url": "https://api.github.com/repos/Howard1Cranel/calculator/keys{/key_id}",
        "collaborators_url": "https://api.github.com/repos/Howard1Cranel/calculator/collaborators{/collaborator}",
        "teams_url": "https://api.github.com/repos/Howard1Cranel/calculator/teams",
        "hooks_url": "https://api.github.com/repos/Howard1Cranel/calculator/hooks",
        "issue_events_url": "https://api.github.com/repos/Howard1Cranel/calculator/issues/events{/number}",
        "events_url": "https://api.github.com/repos/Howard1Cranel/calculator/events",
        "assignees_url": "https://api.github.com/repos/Howard1Cranel/calculator/assignees{/user}",
        "branches_url": "https://api.github.com/repos/Howard1Cranel/calculator/branches{/branch}",
        "tags_url": "https://api.github.com/repos/Howard1Cranel/calculator/tags",
        "blobs_url": "https://api.github.com/repos/Howard1Cranel/calculator/git/blobs{/sha}",
        "git_tags_url": "https://api.github.com/repos/Howard1Cranel/calculator/git/tags{/sha}",
        "git_refs_url": "https://api.github.com/repos/Howard1Cranel/calculator/git/refs{/sha}",
        "trees_url": "https://api.github.com/repos/Howard1Cranel/calculator/git/trees{/sha}",
        "statuses_url": "https://api.github.com/repos/Howard1Cranel/calculator/statuses/{sha}",
        "languages_url": "https://api.github.com/repos/Howard1Cranel/calculator/languages",
        "stargazers_url": "https://api.github.com/repos/Howard1Cranel/calculator/stargazers",
        "contributors_url": "https://api.github.com/repos/Howard1Cranel/calculator/contributors",
        "subscribers_url": "https://api.github.com/repos/Howard1Cranel/calculator/subscribers",
        "subscription_url": "https://api.github.com/repos/Howard1Cranel/calculator/subscription",
        "commits_url": "https://api.github.com/repos/Howard1Cranel/calculator/commits{/sha}",
        "git_commits_url": "https://api.github.com/repos/Howard1Cranel/calculator/git/commits{/sha}",
        "comments_url": "https://api.github.com/repos/Howard1Cranel/calculator/comments{/number}",
        "issue_comment_url": "https://api.github.com/repos/Howard1Cranel/calculator/issues/comments{/number}",
        "contents_url": "https://api.github.com/repos/Howard1Cranel/calculator/contents/{+path}",
        "compare_url": "https://api.github.com/repos/Howard1Cranel/calculator/compare/{base}...{head}",
        "merges_url": "https://api.github.com/repos/Howard1Cranel/calculator/merges",
        "archive_url": "https://api.github.com/repos/Howard1Cranel/calculator/{archive_format}{/ref}",
        "downloads_url": "https://api.github.com/repos/Howard1Cranel/calculator/downloads",
        "issues_url": "https://api.github.com/repos/Howard1Cranel/calculator/issues{/number}",
        "pulls_url": "https://api.github.com/repos/Howard1Cranel/calculator/pulls{/number}",
        "milestones_url": "https://api.github.com/repos/Howard1Cranel/calculator/milestones{/number}",
        "notifications_url": "https://api.github.com/repos/Howard1Cranel/calculator/notifications{?since,all,participating}",
        "labels_url": "https://api.github.com/repos/Howard1Cranel/calculator/labels{/name}",
        "releases_url": "https://api.github.com/repos/Howard1Cranel/calculator/releases{/id}",
        "deployments_url": "https://api.github.com/repos/Howard1Cranel/calculator/deployments",
        "created_at": 1739855861,
        "updated_at": "2025-02-22T06:58:16Z",
        "pushed_at": 1740207545,
        "git_url": "git://github.com/Howard1Cranel/calculator.git",
        "ssh_url": "git@github.com:Howard1Cranel/calculator.git",
        "clone_url": "https://github.com/Howard1Cranel/calculator.git",
        "svn_url": "https://github.com/Howard1Cranel/calculator",
        "homepage": null,
        "size": 6,
        "stargazers_count": 0,
        "watchers_count": 0,
        "language": "Python",
        "has_issues": true,
        "has_projects": true,
        "has_downloads": true,
        "has_wiki": true,
        "has_pages": false,
        "has_discussions": false,
        "forks_count": 0,
        "mirror_url": null,
        "archived": false,
        "disabled": false,
        "open_issues_count": 0,
        "license": null,
        "allow_forking": true,
        "is_template": false,
        "web_commit_signoff_required": false,
        "topics": [],
        "visibility": "public",
        "forks": 0,
        "open_issues": 0,
        "watchers": 0,
        "default_branch": "main",
        "stargazers": 0,
        "master_branch": "main"
    },
    "pusher": {
        "name": "Howard1Cranel",
        "email": "143862938+Howard1Cranel@users.noreply.github.com"
    },
    "sender": {
        "login": "Howard1Cranel",
        "id": 143862938,
        "node_id": "U_kgDOCJMsmg",
        "avatar_url": "https://avatars.githubusercontent.com/u/143862938?v=4",
        "gravatar_id": "",
        "url": "https://api.github.com/users/Howard1Cranel",
        "html_url": "https://github.com/Howard1Cranel",
        "followers_url": "https://api.github.com/users/Howard1Cranel/followers",
        "following_url": "https://api.github.com/users/Howard1Cranel/following{/other_user}",
        "gists_url": "https://api.github.com/users/Howard1Cranel/gists{/gist_id}",
        "starred_url": "https://api.github.com/users/Howard1Cranel/starred{/owner}{/repo}",
        "subscriptions_url": "https://api.github.com/users/Howard1Cranel/subscriptions",
        "organizations_url": "https://api.github.com/users/Howard1Cranel/orgs",
        "repos_url": "https://api.github.com/users/Howard1Cranel/repos",
        "events_url": "https://api.github.com/users/Howard1Cranel/events{/privacy}",
        "received_events_url": "https://api.github.com/users/Howard1Cranel/received_events",
        "type": "User",
        "user_view_type": "public",
        "site_admin": false
    },
    "created": false,
    "deleted": false,
    "forced": false,
    "base_ref": null,
    "compare": "https://github.com/Howard1Cranel/calculator/compare/514ad0e10b11...4dc6e9b8cb9a",
    "commits": [
        {
            "id": "4dc6e9b8cb9ab4b1549f88bd4ae99b1088efe544",
            "tree_id": "ec75c6e2130eb88ce5ed77830c521f20c22e6471",
            "distinct": true,
            "message": "Update form.html",
            "timestamp": "2025-02-22T13:59:05+07:00",
            "url": "https://github.com/Howard1Cranel/calculator/commit/4dc6e9b8cb9ab4b1549f88bd4ae99b1088efe544",
            "author": {
                "name": "Romanov Matvey",
                "email": "143862938+Howard1Cranel@users.noreply.github.com",
                "username": "Howard1Cranel"
            },
            "committer": {
                "name": "GitHub",
                "email": "noreply@github.com",
                "username": "web-flow"
            },
            "added": [],
            "removed": [],
            "modified": [
                "templates/form.html"
            ]
        }
    ],
    "head_commit": {
        "id": "4dc6e9b8cb9ab4b1549f88bd4ae99b1088efe544",
        "tree_id": "ec75c6e2130eb88ce5ed77830c521f20c22e6471",
        "distinct": true,
        "message": "Update form.html",
        "timestamp": "2025-02-22T13:59:05+07:00",
        "url": "https://github.com/Howard1Cranel/calculator/commit/4dc6e9b8cb9ab4b1549f88bd4ae99b1088efe544",
        "author": {
            "name": "Romanov Matvey",
            "email": "143862938+Howard1Cranel@users.noreply.github.com",
            "username": "Howard1Cranel"
        },
        "committer": {
            "name": "GitHub",
            "email": "noreply@github.com",
            "username": "web-flow"
        },
        "added": [],
        "removed": [],
        "modified": [
            "templates/form.html"
        ]
    }
}
Received data: {
    "ref": "refs/heads/main",
    "before": "514ad0e10b11a0ae1148dce6e61b00a5ffee5eb9",
    "after": "4dc6e9b8cb9ab4b1549f88bd4ae99b1088efe544",
    "repository": {
        "id": 934600601,
        "node_id": "R_kgDON7TfmQ",
        "name": "calculator",
        "full_name": "Howard1Cranel/calculator",
        "private": false,
        "owner": {
            "name": "Howard1Cranel",
            "email": "143862938+Howard1Cranel@users.noreply.github.com",
            "login": "Howard1Cranel",
            "id": 143862938,
            "node_id": "U_kgDOCJMsmg",
            "avatar_url": "https://avatars.githubusercontent.com/u/143862938?v=4",
            "gravatar_id": "",
            "url": "https://api.github.com/users/Howard1Cranel",
            "html_url": "https://github.com/Howard1Cranel",
            "followers_url": "https://api.github.com/users/Howard1Cranel/followers",
            "following_url": "https://api.github.com/users/Howard1Cranel/following{/other_user}",
            "gists_url": "https://api.github.com/users/Howard1Cranel/gists{/gist_id}",
            "starred_url": "https://api.github.com/users/Howard1Cranel/starred{/owner}{/repo}",
            "subscriptions_url": "https://api.github.com/users/Howard1Cranel/subscriptions",
            "organizations_url": "https://api.github.com/users/Howard1Cranel/orgs",
            "repos_url": "https://api.github.com/users/Howard1Cranel/repos",
            "events_url": "https://api.github.com/users/Howard1Cranel/events{/privacy}",
            "received_events_url": "https://api.github.com/users/Howard1Cranel/received_events",
            "type": "User",
            "user_view_type": "public",
            "site_admin": false
        },
        "html_url": "https://github.com/Howard1Cranel/calculator",
        "description": null,
        "fork": false,
        "url": "https://github.com/Howard1Cranel/calculator",
        "forks_url": "https://api.github.com/repos/Howard1Cranel/calculator/forks",
        "keys_url": "https://api.github.com/repos/Howard1Cranel/calculator/keys{/key_id}",
        "collaborators_url": "https://api.github.com/repos/Howard1Cranel/calculator/collaborators{/collaborator}",
        "teams_url": "https://api.github.com/repos/Howard1Cranel/calculator/teams",
        "hooks_url": "https://api.github.com/repos/Howard1Cranel/calculator/hooks",
        "issue_events_url": "https://api.github.com/repos/Howard1Cranel/calculator/issues/events{/number}",
        "events_url": "https://api.github.com/repos/Howard1Cranel/calculator/events",
        "assignees_url": "https://api.github.com/repos/Howard1Cranel/calculator/assignees{/user}",
        "branches_url": "https://api.github.com/repos/Howard1Cranel/calculator/branches{/branch}",
        "tags_url": "https://api.github.com/repos/Howard1Cranel/calculator/tags",
        "blobs_url": "https://api.github.com/repos/Howard1Cranel/calculator/git/blobs{/sha}",
        "git_tags_url": "https://api.github.com/repos/Howard1Cranel/calculator/git/tags{/sha}",
        "git_refs_url": "https://api.github.com/repos/Howard1Cranel/calculator/git/refs{/sha}",
        "trees_url": "https://api.github.com/repos/Howard1Cranel/calculator/git/trees{/sha}",
        "statuses_url": "https://api.github.com/repos/Howard1Cranel/calculator/statuses/{sha}",
        "languages_url": "https://api.github.com/repos/Howard1Cranel/calculator/languages",
        "stargazers_url": "https://api.github.com/repos/Howard1Cranel/calculator/stargazers",
        "contributors_url": "https://api.github.com/repos/Howard1Cranel/calculator/contributors",
        "subscribers_url": "https://api.github.com/repos/Howard1Cranel/calculator/subscribers",
        "subscription_url": "https://api.github.com/repos/Howard1Cranel/calculator/subscription",
        "commits_url": "https://api.github.com/repos/Howard1Cranel/calculator/commits{/sha}",
        "git_commits_url": "https://api.github.com/repos/Howard1Cranel/calculator/git/commits{/sha}",
        "comments_url": "https://api.github.com/repos/Howard1Cranel/calculator/comments{/number}",
        "issue_comment_url": "https://api.github.com/repos/Howard1Cranel/calculator/issues/comments{/number}",
        "contents_url": "https://api.github.com/repos/Howard1Cranel/calculator/contents/{+path}",
        "compare_url": "https://api.github.com/repos/Howard1Cranel/calculator/compare/{base}...{head}",
        "merges_url": "https://api.github.com/repos/Howard1Cranel/calculator/merges",
        "archive_url": "https://api.github.com/repos/Howard1Cranel/calculator/{archive_format}{/ref}",
        "downloads_url": "https://api.github.com/repos/Howard1Cranel/calculator/downloads",
        "issues_url": "https://api.github.com/repos/Howard1Cranel/calculator/issues{/number}",
        "pulls_url": "https://api.github.com/repos/Howard1Cranel/calculator/pulls{/number}",
        "milestones_url": "https://api.github.com/repos/Howard1Cranel/calculator/milestones{/number}",
        "notifications_url": "https://api.github.com/repos/Howard1Cranel/calculator/notifications{?since,all,participating}",
        "labels_url": "https://api.github.com/repos/Howard1Cranel/calculator/labels{/name}",
        "releases_url": "https://api.github.com/repos/Howard1Cranel/calculator/releases{/id}",
        "deployments_url": "https://api.github.com/repos/Howard1Cranel/calculator/deployments",
        "created_at": 1739855861,
        "updated_at": "2025-02-22T06:58:16Z",
        "pushed_at": 1740207545,
        "git_url": "git://github.com/Howard1Cranel/calculator.git",
        "ssh_url": "git@github.com:Howard1Cranel/calculator.git",
        "clone_url": "https://github.com/Howard1Cranel/calculator.git",
        "svn_url": "https://github.com/Howard1Cranel/calculator",
        "homepage": null,
        "size": 6,
        "stargazers_count": 0,
        "watchers_count": 0,
        "language": "Python",
        "has_issues": true,
        "has_projects": true,
        "has_downloads": true,
        "has_wiki": true,
        "has_pages": false,
        "has_discussions": false,
        "forks_count": 0,
        "mirror_url": null,
        "archived": false,
        "disabled": false,
        "open_issues_count": 0,
        "license": null,
        "allow_forking": true,
        "is_template": false,
        "web_commit_signoff_required": false,
        "topics": [],
        "visibility": "public",
        "forks": 0,
        "open_issues": 0,
        "watchers": 0,
        "default_branch": "main",
        "stargazers": 0,
        "master_branch": "main"
    },
    "pusher": {
        "name": "Howard1Cranel",
        "email": "143862938+Howard1Cranel@users.noreply.github.com"
    },
    "sender": {
        "login": "Howard1Cranel",
        "id": 143862938,
        "node_id": "U_kgDOCJMsmg",
        "avatar_url": "https://avatars.githubusercontent.com/u/143862938?v=4",
        "gravatar_id": "",
        "url": "https://api.github.com/users/Howard1Cranel",
        "html_url": "https://github.com/Howard1Cranel",
        "followers_url": "https://api.github.com/users/Howard1Cranel/followers",
        "following_url": "https://api.github.com/users/Howard1Cranel/following{/other_user}",
        "gists_url": "https://api.github.com/users/Howard1Cranel/gists{/gist_id}",
        "starred_url": "https://api.github.com/users/Howard1Cranel/starred{/owner}{/repo}",
        "subscriptions_url": "https://api.github.com/users/Howard1Cranel/subscriptions",
        "organizations_url": "https://api.github.com/users/Howard1Cranel/orgs",
        "repos_url": "https://api.github.com/users/Howard1Cranel/repos",
        "events_url": "https://api.github.com/users/Howard1Cranel/events{/privacy}",
        "received_events_url": "https://api.github.com/users/Howard1Cranel/received_events",
        "type": "User",
        "user_view_type": "public",
        "site_admin": false
    },
    "created": false,
    "deleted": false,
    "forced": false,
    "base_ref": null,
    "compare": "https://github.com/Howard1Cranel/calculator/compare/514ad0e10b11...4dc6e9b8cb9a",
    "commits": [
        {
            "id": "4dc6e9b8cb9ab4b1549f88bd4ae99b1088efe544",
            "tree_id": "ec75c6e2130eb88ce5ed77830c521f20c22e6471",
            "distinct": true,
            "message": "Update form.html",
            "timestamp": "2025-02-22T13:59:05+07:00",
            "url": "https://github.com/Howard1Cranel/calculator/commit/4dc6e9b8cb9ab4b1549f88bd4ae99b1088efe544",
            "author": {
                "name": "Romanov Matvey",
                "email": "143862938+Howard1Cranel@users.noreply.github.com",
                "username": "Howard1Cranel"
            },
            "committer": {
                "name": "GitHub",
                "email": "noreply@github.com",
                "username": "web-flow"
            },
            "added": [],
            "removed": [],
            "modified": [
                "templates/form.html"
            ]
        }
    ],
    "head_commit": {
        "id": "4dc6e9b8cb9ab4b1549f88bd4ae99b1088efe544",
        "tree_id": "ec75c6e2130eb88ce5ed77830c521f20c22e6471",
        "distinct": true,
        "message": "Update form.html",
        "timestamp": "2025-02-22T13:59:05+07:00",
        "url": "https://github.com/Howard1Cranel/calculator/commit/4dc6e9b8cb9ab4b1549f88bd4ae99b1088efe544",
        "author": {
            "name": "Romanov Matvey",
            "email": "143862938+Howard1Cranel@users.noreply.github.com",
            "username": "Howard1Cranel"
        },
        "committer": {
            "name": "GitHub",
            "email": "noreply@github.com",
            "username": "web-flow"
        },
        "added": [],
        "removed": [],
        "modified": [
            "templates/form.html"
        ]
    }
}
Received data: {
    "ref": "refs/heads/main",
    "before": "514ad0e10b11a0ae1148dce6e61b00a5ffee5eb9",
    "after": "4dc6e9b8cb9ab4b1549f88bd4ae99b1088efe544",
    "repository": {
        "id": 934600601,
        "node_id": "R_kgDON7TfmQ",
        "name": "calculator",
        "full_name": "Howard1Cranel/calculator",
        "private": false,
        "owner": {
            "name": "Howard1Cranel",
            "email": "143862938+Howard1Cranel@users.noreply.github.com",
            "login": "Howard1Cranel",
            "id": 143862938,
            "node_id": "U_kgDOCJMsmg",
            "avatar_url": "https://avatars.githubusercontent.com/u/143862938?v=4",
            "gravatar_id": "",
            "url": "https://api.github.com/users/Howard1Cranel",
            "html_url": "https://github.com/Howard1Cranel",
            "followers_url": "https://api.github.com/users/Howard1Cranel/followers",
            "following_url": "https://api.github.com/users/Howard1Cranel/following{/other_user}",
            "gists_url": "https://api.github.com/users/Howard1Cranel/gists{/gist_id}",
            "starred_url": "https://api.github.com/users/Howard1Cranel/starred{/owner}{/repo}",
            "subscriptions_url": "https://api.github.com/users/Howard1Cranel/subscriptions",
            "organizations_url": "https://api.github.com/users/Howard1Cranel/orgs",
            "repos_url": "https://api.github.com/users/Howard1Cranel/repos",
            "events_url": "https://api.github.com/users/Howard1Cranel/events{/privacy}",
            "received_events_url": "https://api.github.com/users/Howard1Cranel/received_events",
            "type": "User",
            "user_view_type": "public",
            "site_admin": false
        },
        "html_url": "https://github.com/Howard1Cranel/calculator",
        "description": null,
        "fork": false,
        "url": "https://github.com/Howard1Cranel/calculator",
        "forks_url": "https://api.github.com/repos/Howard1Cranel/calculator/forks",
        "keys_url": "https://api.github.com/repos/Howard1Cranel/calculator/keys{/key_id}",
        "collaborators_url": "https://api.github.com/repos/Howard1Cranel/calculator/collaborators{/collaborator}",
        "teams_url": "https://api.github.com/repos/Howard1Cranel/calculator/teams",
        "hooks_url": "https://api.github.com/repos/Howard1Cranel/calculator/hooks",
        "issue_events_url": "https://api.github.com/repos/Howard1Cranel/calculator/issues/events{/number}",
        "events_url": "https://api.github.com/repos/Howard1Cranel/calculator/events",
        "assignees_url": "https://api.github.com/repos/Howard1Cranel/calculator/assignees{/user}",
        "branches_url": "https://api.github.com/repos/Howard1Cranel/calculator/branches{/branch}",
        "tags_url": "https://api.github.com/repos/Howard1Cranel/calculator/tags",
        "blobs_url": "https://api.github.com/repos/Howard1Cranel/calculator/git/blobs{/sha}",
        "git_tags_url": "https://api.github.com/repos/Howard1Cranel/calculator/git/tags{/sha}",
        "git_refs_url": "https://api.github.com/repos/Howard1Cranel/calculator/git/refs{/sha}",
        "trees_url": "https://api.github.com/repos/Howard1Cranel/calculator/git/trees{/sha}",
        "statuses_url": "https://api.github.com/repos/Howard1Cranel/calculator/statuses/{sha}",
        "languages_url": "https://api.github.com/repos/Howard1Cranel/calculator/languages",
        "stargazers_url": "https://api.github.com/repos/Howard1Cranel/calculator/stargazers",
        "contributors_url": "https://api.github.com/repos/Howard1Cranel/calculator/contributors",
        "subscribers_url": "https://api.github.com/repos/Howard1Cranel/calculator/subscribers",
        "subscription_url": "https://api.github.com/repos/Howard1Cranel/calculator/subscription",
        "commits_url": "https://api.github.com/repos/Howard1Cranel/calculator/commits{/sha}",
        "git_commits_url": "https://api.github.com/repos/Howard1Cranel/calculator/git/commits{/sha}",
        "comments_url": "https://api.github.com/repos/Howard1Cranel/calculator/comments{/number}",
        "issue_comment_url": "https://api.github.com/repos/Howard1Cranel/calculator/issues/comments{/number}",
        "contents_url": "https://api.github.com/repos/Howard1Cranel/calculator/contents/{+path}",
        "compare_url": "https://api.github.com/repos/Howard1Cranel/calculator/compare/{base}...{head}",
        "merges_url": "https://api.github.com/repos/Howard1Cranel/calculator/merges",
        "archive_url": "https://api.github.com/repos/Howard1Cranel/calculator/{archive_format}{/ref}",
        "downloads_url": "https://api.github.com/repos/Howard1Cranel/calculator/downloads",
        "issues_url": "https://api.github.com/repos/Howard1Cranel/calculator/issues{/number}",
        "pulls_url": "https://api.github.com/repos/Howard1Cranel/calculator/pulls{/number}",
        "milestones_url": "https://api.github.com/repos/Howard1Cranel/calculator/milestones{/number}",
        "notifications_url": "https://api.github.com/repos/Howard1Cranel/calculator/notifications{?since,all,participating}",
        "labels_url": "https://api.github.com/repos/Howard1Cranel/calculator/labels{/name}",
        "releases_url": "https://api.github.com/repos/Howard1Cranel/calculator/releases{/id}",
        "deployments_url": "https://api.github.com/repos/Howard1Cranel/calculator/deployments",
        "created_at": 1739855861,
        "updated_at": "2025-02-22T06:58:16Z",
        "pushed_at": 1740207545,
        "git_url": "git://github.com/Howard1Cranel/calculator.git",
        "ssh_url": "git@github.com:Howard1Cranel/calculator.git",
        "clone_url": "https://github.com/Howard1Cranel/calculator.git",
        "svn_url": "https://github.com/Howard1Cranel/calculator",
        "homepage": null,
        "size": 6,
        "stargazers_count": 0,
        "watchers_count": 0,
        "language": "Python",
        "has_issues": true,
        "has_projects": true,
        "has_downloads": true,
        "has_wiki": true,
        "has_pages": false,
        "has_discussions": false,
        "forks_count": 0,
        "mirror_url": null,
        "archived": false,
        "disabled": false,
        "open_issues_count": 0,
        "license": null,
        "allow_forking": true,
        "is_template": false,
        "web_commit_signoff_required": false,
        "topics": [],
        "visibility": "public",
        "forks": 0,
        "open_issues": 0,
        "watchers": 0,
        "default_branch": "main",
        "stargazers": 0,
        "master_branch": "main"
    },
    "pusher": {
        "name": "Howard1Cranel",
        "email": "143862938+Howard1Cranel@users.noreply.github.com"
    },
    "sender": {
        "login": "Howard1Cranel",
        "id": 143862938,
        "node_id": "U_kgDOCJMsmg",
        "avatar_url": "https://avatars.githubusercontent.com/u/143862938?v=4",
        "gravatar_id": "",
        "url": "https://api.github.com/users/Howard1Cranel",
        "html_url": "https://github.com/Howard1Cranel",
        "followers_url": "https://api.github.com/users/Howard1Cranel/followers",
        "following_url": "https://api.github.com/users/Howard1Cranel/following{/other_user}",
        "gists_url": "https://api.github.com/users/Howard1Cranel/gists{/gist_id}",
        "starred_url": "https://api.github.com/users/Howard1Cranel/starred{/owner}{/repo}",
        "subscriptions_url": "https://api.github.com/users/Howard1Cranel/subscriptions",
        "organizations_url": "https://api.github.com/users/Howard1Cranel/orgs",
        "repos_url": "https://api.github.com/users/Howard1Cranel/repos",
        "events_url": "https://api.github.com/users/Howard1Cranel/events{/privacy}",
        "received_events_url": "https://api.github.com/users/Howard1Cranel/received_events",
        "type": "User",
        "user_view_type": "public",
        "site_admin": false
    },
    "created": false,
    "deleted": false,
    "forced": false,
    "base_ref": null,
    "compare": "https://github.com/Howard1Cranel/calculator/compare/514ad0e10b11...4dc6e9b8cb9a",
    "commits": [
        {
            "id": "4dc6e9b8cb9ab4b1549f88bd4ae99b1088efe544",
            "tree_id": "ec75c6e2130eb88ce5ed77830c521f20c22e6471",
            "distinct": true,
            "message": "Update form.html",
            "timestamp": "2025-02-22T13:59:05+07:00",
            "url": "https://github.com/Howard1Cranel/calculator/commit/4dc6e9b8cb9ab4b1549f88bd4ae99b1088efe544",
            "author": {
                "name": "Romanov Matvey",
                "email": "143862938+Howard1Cranel@users.noreply.github.com",
                "username": "Howard1Cranel"
            },
            "committer": {
                "name": "GitHub",
                "email": "noreply@github.com",
                "username": "web-flow"
            },
            "added": [],
            "removed": [],
            "modified": [
                "templates/form.html"
            ]
        }
    ],
    "head_commit": {
        "id": "4dc6e9b8cb9ab4b1549f88bd4ae99b1088efe544",
        "tree_id": "ec75c6e2130eb88ce5ed77830c521f20c22e6471",
        "distinct": true,
        "message": "Update form.html",
        "timestamp": "2025-02-22T13:59:05+07:00",
        "url": "https://github.com/Howard1Cranel/calculator/commit/4dc6e9b8cb9ab4b1549f88bd4ae99b1088efe544",
        "author": {
            "name": "Romanov Matvey",
            "email": "143862938+Howard1Cranel@users.noreply.github.com",
            "username": "Howard1Cranel"
        },
        "committer": {
            "name": "GitHub",
            "email": "noreply@github.com",
            "username": "web-flow"
        },
        "added": [],
        "removed": [],
        "modified": [
            "templates/form.html"
        ]
    }
}
Received data: {
    "ref": "refs/heads/main",
    "before": "514ad0e10b11a0ae1148dce6e61b00a5ffee5eb9",
    "after": "4dc6e9b8cb9ab4b1549f88bd4ae99b1088efe544",
    "repository": {
        "id": 934600601,
        "node_id": "R_kgDON7TfmQ",
        "name": "calculator",
        "full_name": "Howard1Cranel/calculator",
        "private": false,
        "owner": {
            "name": "Howard1Cranel",
            "email": "143862938+Howard1Cranel@users.noreply.github.com",
            "login": "Howard1Cranel",
            "id": 143862938,
            "node_id": "U_kgDOCJMsmg",
            "avatar_url": "https://avatars.githubusercontent.com/u/143862938?v=4",
            "gravatar_id": "",
            "url": "https://api.github.com/users/Howard1Cranel",
            "html_url": "https://github.com/Howard1Cranel",
            "followers_url": "https://api.github.com/users/Howard1Cranel/followers",
            "following_url": "https://api.github.com/users/Howard1Cranel/following{/other_user}",
            "gists_url": "https://api.github.com/users/Howard1Cranel/gists{/gist_id}",
            "starred_url": "https://api.github.com/users/Howard1Cranel/starred{/owner}{/repo}",
            "subscriptions_url": "https://api.github.com/users/Howard1Cranel/subscriptions",
            "organizations_url": "https://api.github.com/users/Howard1Cranel/orgs",
            "repos_url": "https://api.github.com/users/Howard1Cranel/repos",
            "events_url": "https://api.github.com/users/Howard1Cranel/events{/privacy}",
            "received_events_url": "https://api.github.com/users/Howard1Cranel/received_events",
            "type": "User",
            "user_view_type": "public",
            "site_admin": false
        },
        "html_url": "https://github.com/Howard1Cranel/calculator",
        "description": null,
        "fork": false,
        "url": "https://github.com/Howard1Cranel/calculator",
        "forks_url": "https://api.github.com/repos/Howard1Cranel/calculator/forks",
        "keys_url": "https://api.github.com/repos/Howard1Cranel/calculator/keys{/key_id}",
        "collaborators_url": "https://api.github.com/repos/Howard1Cranel/calculator/collaborators{/collaborator}",
        "teams_url": "https://api.github.com/repos/Howard1Cranel/calculator/teams",
        "hooks_url": "https://api.github.com/repos/Howard1Cranel/calculator/hooks",
        "issue_events_url": "https://api.github.com/repos/Howard1Cranel/calculator/issues/events{/number}",
        "events_url": "https://api.github.com/repos/Howard1Cranel/calculator/events",
        "assignees_url": "https://api.github.com/repos/Howard1Cranel/calculator/assignees{/user}",
        "branches_url": "https://api.github.com/repos/Howard1Cranel/calculator/branches{/branch}",
        "tags_url": "https://api.github.com/repos/Howard1Cranel/calculator/tags",
        "blobs_url": "https://api.github.com/repos/Howard1Cranel/calculator/git/blobs{/sha}",
        "git_tags_url": "https://api.github.com/repos/Howard1Cranel/calculator/git/tags{/sha}",
        "git_refs_url": "https://api.github.com/repos/Howard1Cranel/calculator/git/refs{/sha}",
        "trees_url": "https://api.github.com/repos/Howard1Cranel/calculator/git/trees{/sha}",
        "statuses_url": "https://api.github.com/repos/Howard1Cranel/calculator/statuses/{sha}",
        "languages_url": "https://api.github.com/repos/Howard1Cranel/calculator/languages",
        "stargazers_url": "https://api.github.com/repos/Howard1Cranel/calculator/stargazers",
        "contributors_url": "https://api.github.com/repos/Howard1Cranel/calculator/contributors",
        "subscribers_url": "https://api.github.com/repos/Howard1Cranel/calculator/subscribers",
        "subscription_url": "https://api.github.com/repos/Howard1Cranel/calculator/subscription",
        "commits_url": "https://api.github.com/repos/Howard1Cranel/calculator/commits{/sha}",
        "git_commits_url": "https://api.github.com/repos/Howard1Cranel/calculator/git/commits{/sha}",
        "comments_url": "https://api.github.com/repos/Howard1Cranel/calculator/comments{/number}",
        "issue_comment_url": "https://api.github.com/repos/Howard1Cranel/calculator/issues/comments{/number}",
        "contents_url": "https://api.github.com/repos/Howard1Cranel/calculator/contents/{+path}",
        "compare_url": "https://api.github.com/repos/Howard1Cranel/calculator/compare/{base}...{head}",
        "merges_url": "https://api.github.com/repos/Howard1Cranel/calculator/merges",
        "archive_url": "https://api.github.com/repos/Howard1Cranel/calculator/{archive_format}{/ref}",
        "downloads_url": "https://api.github.com/repos/Howard1Cranel/calculator/downloads",
        "issues_url": "https://api.github.com/repos/Howard1Cranel/calculator/issues{/number}",
        "pulls_url": "https://api.github.com/repos/Howard1Cranel/calculator/pulls{/number}",
        "milestones_url": "https://api.github.com/repos/Howard1Cranel/calculator/milestones{/number}",
        "notifications_url": "https://api.github.com/repos/Howard1Cranel/calculator/notifications{?since,all,participating}",
        "labels_url": "https://api.github.com/repos/Howard1Cranel/calculator/labels{/name}",
        "releases_url": "https://api.github.com/repos/Howard1Cranel/calculator/releases{/id}",
        "deployments_url": "https://api.github.com/repos/Howard1Cranel/calculator/deployments",
        "created_at": 1739855861,
        "updated_at": "2025-02-22T06:58:16Z",
        "pushed_at": 1740207545,
        "git_url": "git://github.com/Howard1Cranel/calculator.git",
        "ssh_url": "git@github.com:Howard1Cranel/calculator.git",
        "clone_url": "https://github.com/Howard1Cranel/calculator.git",
        "svn_url": "https://github.com/Howard1Cranel/calculator",
        "homepage": null,
        "size": 6,
        "stargazers_count": 0,
        "watchers_count": 0,
        "language": "Python",
        "has_issues": true,
        "has_projects": true,
        "has_downloads": true,
        "has_wiki": true,
        "has_pages": false,
        "has_discussions": false,
        "forks_count": 0,
        "mirror_url": null,
        "archived": false,
        "disabled": false,
        "open_issues_count": 0,
        "license": null,
        "allow_forking": true,
        "is_template": false,
        "web_commit_signoff_required": false,
        "topics": [],
        "visibility": "public",
        "forks": 0,
        "open_issues": 0,
        "watchers": 0,
        "default_branch": "main",
        "stargazers": 0,
        "master_branch": "main"
    },
    "pusher": {
        "name": "Howard1Cranel",
        "email": "143862938+Howard1Cranel@users.noreply.github.com"
    },
    "sender": {
        "login": "Howard1Cranel",
        "id": 143862938,
        "node_id": "U_kgDOCJMsmg",
        "avatar_url": "https://avatars.githubusercontent.com/u/143862938?v=4",
        "gravatar_id": "",
        "url": "https://api.github.com/users/Howard1Cranel",
        "html_url": "https://github.com/Howard1Cranel",
        "followers_url": "https://api.github.com/users/Howard1Cranel/followers",
        "following_url": "https://api.github.com/users/Howard1Cranel/following{/other_user}",
        "gists_url": "https://api.github.com/users/Howard1Cranel/gists{/gist_id}",
        "starred_url": "https://api.github.com/users/Howard1Cranel/starred{/owner}{/repo}",
        "subscriptions_url": "https://api.github.com/users/Howard1Cranel/subscriptions",
        "organizations_url": "https://api.github.com/users/Howard1Cranel/orgs",
        "repos_url": "https://api.github.com/users/Howard1Cranel/repos",
        "events_url": "https://api.github.com/users/Howard1Cranel/events{/privacy}",
        "received_events_url": "https://api.github.com/users/Howard1Cranel/received_events",
        "type": "User",
        "user_view_type": "public",
        "site_admin": false
    },
    "created": false,
    "deleted": false,
    "forced": false,
    "base_ref": null,
    "compare": "https://github.com/Howard1Cranel/calculator/compare/514ad0e10b11...4dc6e9b8cb9a",
    "commits": [
        {
            "id": "4dc6e9b8cb9ab4b1549f88bd4ae99b1088efe544",
            "tree_id": "ec75c6e2130eb88ce5ed77830c521f20c22e6471",
            "distinct": true,
            "message": "Update form.html",
            "timestamp": "2025-02-22T13:59:05+07:00",
            "url": "https://github.com/Howard1Cranel/calculator/commit/4dc6e9b8cb9ab4b1549f88bd4ae99b1088efe544",
            "author": {
                "name": "Romanov Matvey",
                "email": "143862938+Howard1Cranel@users.noreply.github.com",
                "username": "Howard1Cranel"
            },
            "committer": {
                "name": "GitHub",
                "email": "noreply@github.com",
                "username": "web-flow"
            },
            "added": [],
            "removed": [],
            "modified": [
                "templates/form.html"
            ]
        }
    ],
    "head_commit": {
        "id": "4dc6e9b8cb9ab4b1549f88bd4ae99b1088efe544",
        "tree_id": "ec75c6e2130eb88ce5ed77830c521f20c22e6471",
        "distinct": true,
        "message": "Update form.html",
        "timestamp": "2025-02-22T13:59:05+07:00",
        "url": "https://github.com/Howard1Cranel/calculator/commit/4dc6e9b8cb9ab4b1549f88bd4ae99b1088efe544",
        "author": {
            "name": "Romanov Matvey",
            "email": "143862938+Howard1Cranel@users.noreply.github.com",
            "username": "Howard1Cranel"
        },
        "committer": {
            "name": "GitHub",
            "email": "noreply@github.com",
            "username": "web-flow"
        },
        "added": [],
        "removed": [],
        "modified": [
            "templates/form.html"
        ]
    }
}
Received data: {
    "ref": "refs/heads/main",
    "before": "4dc6e9b8cb9ab4b1549f88bd4ae99b1088efe544",
    "after": "f41e0ed51ce236804aeb478b97dd086ce762b9e0",
    "repository": {
        "id": 934600601,
        "node_id": "R_kgDON7TfmQ",
        "name": "calculator",
        "full_name": "Howard1Cranel/calculator",
        "private": false,
        "owner": {
            "name": "Howard1Cranel",
            "email": "143862938+Howard1Cranel@users.noreply.github.com",
            "login": "Howard1Cranel",
            "id": 143862938,
            "node_id": "U_kgDOCJMsmg",
            "avatar_url": "https://avatars.githubusercontent.com/u/143862938?v=4",
            "gravatar_id": "",
            "url": "https://api.github.com/users/Howard1Cranel",
            "html_url": "https://github.com/Howard1Cranel",
            "followers_url": "https://api.github.com/users/Howard1Cranel/followers",
            "following_url": "https://api.github.com/users/Howard1Cranel/following{/other_user}",
            "gists_url": "https://api.github.com/users/Howard1Cranel/gists{/gist_id}",
            "starred_url": "https://api.github.com/users/Howard1Cranel/starred{/owner}{/repo}",
            "subscriptions_url": "https://api.github.com/users/Howard1Cranel/subscriptions",
            "organizations_url": "https://api.github.com/users/Howard1Cranel/orgs",
            "repos_url": "https://api.github.com/users/Howard1Cranel/repos",
            "events_url": "https://api.github.com/users/Howard1Cranel/events{/privacy}",
            "received_events_url": "https://api.github.com/users/Howard1Cranel/received_events",
            "type": "User",
            "user_view_type": "public",
            "site_admin": false
        },
        "html_url": "https://github.com/Howard1Cranel/calculator",
        "description": null,
        "fork": false,
        "url": "https://github.com/Howard1Cranel/calculator",
        "forks_url": "https://api.github.com/repos/Howard1Cranel/calculator/forks",
        "keys_url": "https://api.github.com/repos/Howard1Cranel/calculator/keys{/key_id}",
        "collaborators_url": "https://api.github.com/repos/Howard1Cranel/calculator/collaborators{/collaborator}",
        "teams_url": "https://api.github.com/repos/Howard1Cranel/calculator/teams",
        "hooks_url": "https://api.github.com/repos/Howard1Cranel/calculator/hooks",
        "issue_events_url": "https://api.github.com/repos/Howard1Cranel/calculator/issues/events{/number}",
        "events_url": "https://api.github.com/repos/Howard1Cranel/calculator/events",
        "assignees_url": "https://api.github.com/repos/Howard1Cranel/calculator/assignees{/user}",
        "branches_url": "https://api.github.com/repos/Howard1Cranel/calculator/branches{/branch}",
        "tags_url": "https://api.github.com/repos/Howard1Cranel/calculator/tags",
        "blobs_url": "https://api.github.com/repos/Howard1Cranel/calculator/git/blobs{/sha}",
        "git_tags_url": "https://api.github.com/repos/Howard1Cranel/calculator/git/tags{/sha}",
        "git_refs_url": "https://api.github.com/repos/Howard1Cranel/calculator/git/refs{/sha}",
        "trees_url": "https://api.github.com/repos/Howard1Cranel/calculator/git/trees{/sha}",
        "statuses_url": "https://api.github.com/repos/Howard1Cranel/calculator/statuses/{sha}",
        "languages_url": "https://api.github.com/repos/Howard1Cranel/calculator/languages",
        "stargazers_url": "https://api.github.com/repos/Howard1Cranel/calculator/stargazers",
        "contributors_url": "https://api.github.com/repos/Howard1Cranel/calculator/contributors",
        "subscribers_url": "https://api.github.com/repos/Howard1Cranel/calculator/subscribers",
        "subscription_url": "https://api.github.com/repos/Howard1Cranel/calculator/subscription",
        "commits_url": "https://api.github.com/repos/Howard1Cranel/calculator/commits{/sha}",
        "git_commits_url": "https://api.github.com/repos/Howard1Cranel/calculator/git/commits{/sha}",
        "comments_url": "https://api.github.com/repos/Howard1Cranel/calculator/comments{/number}",
        "issue_comment_url": "https://api.github.com/repos/Howard1Cranel/calculator/issues/comments{/number}",
        "contents_url": "https://api.github.com/repos/Howard1Cranel/calculator/contents/{+path}",
        "compare_url": "https://api.github.com/repos/Howard1Cranel/calculator/compare/{base}...{head}",
        "merges_url": "https://api.github.com/repos/Howard1Cranel/calculator/merges",
        "archive_url": "https://api.github.com/repos/Howard1Cranel/calculator/{archive_format}{/ref}",
        "downloads_url": "https://api.github.com/repos/Howard1Cranel/calculator/downloads",
        "issues_url": "https://api.github.com/repos/Howard1Cranel/calculator/issues{/number}",
        "pulls_url": "https://api.github.com/repos/Howard1Cranel/calculator/pulls{/number}",
        "milestones_url": "https://api.github.com/repos/Howard1Cranel/calculator/milestones{/number}",
        "notifications_url": "https://api.github.com/repos/Howard1Cranel/calculator/notifications{?since,all,participating}",
        "labels_url": "https://api.github.com/repos/Howard1Cranel/calculator/labels{/name}",
        "releases_url": "https://api.github.com/repos/Howard1Cranel/calculator/releases{/id}",
        "deployments_url": "https://api.github.com/repos/Howard1Cranel/calculator/deployments",
        "created_at": 1739855861,
        "updated_at": "2025-02-22T06:59:08Z",
        "pushed_at": 1740210943,
        "git_url": "git://github.com/Howard1Cranel/calculator.git",
        "ssh_url": "git@github.com:Howard1Cranel/calculator.git",
        "clone_url": "https://github.com/Howard1Cranel/calculator.git",
        "svn_url": "https://github.com/Howard1Cranel/calculator",
        "homepage": null,
        "size": 6,
        "stargazers_count": 0,
        "watchers_count": 0,
        "language": "Python",
        "has_issues": true,
        "has_projects": true,
        "has_downloads": true,
        "has_wiki": true,
        "has_pages": false,
        "has_discussions": false,
        "forks_count": 0,
        "mirror_url": null,
        "archived": false,
        "disabled": false,
        "open_issues_count": 0,
        "license": null,
        "allow_forking": true,
        "is_template": false,
        "web_commit_signoff_required": false,
        "topics": [],
        "visibility": "public",
        "forks": 0,
        "open_issues": 0,
        "watchers": 0,
        "default_branch": "main",
        "stargazers": 0,
        "master_branch": "main"
    },
    "pusher": {
        "name": "Howard1Cranel",
        "email": "143862938+Howard1Cranel@users.noreply.github.com"
    },
    "sender": {
        "login": "Howard1Cranel",
        "id": 143862938,
        "node_id": "U_kgDOCJMsmg",
        "avatar_url": "https://avatars.githubusercontent.com/u/143862938?v=4",
        "gravatar_id": "",
        "url": "https://api.github.com/users/Howard1Cranel",
        "html_url": "https://github.com/Howard1Cranel",
        "followers_url": "https://api.github.com/users/Howard1Cranel/followers",
        "following_url": "https://api.github.com/users/Howard1Cranel/following{/other_user}",
        "gists_url": "https://api.github.com/users/Howard1Cranel/gists{/gist_id}",
        "starred_url": "https://api.github.com/users/Howard1Cranel/starred{/owner}{/repo}",
        "subscriptions_url": "https://api.github.com/users/Howard1Cranel/subscriptions",
        "organizations_url": "https://api.github.com/users/Howard1Cranel/orgs",
        "repos_url": "https://api.github.com/users/Howard1Cranel/repos",
        "events_url": "https://api.github.com/users/Howard1Cranel/events{/privacy}",
        "received_events_url": "https://api.github.com/users/Howard1Cranel/received_events",
        "type": "User",
        "user_view_type": "public",
        "site_admin": false
    },
    "created": false,
    "deleted": false,
    "forced": false,
    "base_ref": null,
    "compare": "https://github.com/Howard1Cranel/calculator/compare/4dc6e9b8cb9a...f41e0ed51ce2",
    "commits": [
        {
            "id": "f41e0ed51ce236804aeb478b97dd086ce762b9e0",
            "tree_id": "545a4cc0f39063197fcd9ad4eb7de94b6af37fec",
            "distinct": true,
            "message": "Update form.html",
            "timestamp": "2025-02-22T14:55:43+07:00",
            "url": "https://github.com/Howard1Cranel/calculator/commit/f41e0ed51ce236804aeb478b97dd086ce762b9e0",
            "author": {
                "name": "Romanov Matvey",
                "email": "143862938+Howard1Cranel@users.noreply.github.com",
                "username": "Howard1Cranel"
            },
            "committer": {
                "name": "GitHub",
                "email": "noreply@github.com",
                "username": "web-flow"
            },
            "added": [],
            "removed": [],
            "modified": [
                "templates/form.html"
            ]
        }
    ],
    "head_commit": {
        "id": "f41e0ed51ce236804aeb478b97dd086ce762b9e0",
        "tree_id": "545a4cc0f39063197fcd9ad4eb7de94b6af37fec",
        "distinct": true,
        "message": "Update form.html",
        "timestamp": "2025-02-22T14:55:43+07:00",
        "url": "https://github.com/Howard1Cranel/calculator/commit/f41e0ed51ce236804aeb478b97dd086ce762b9e0",
        "author": {
            "name": "Romanov Matvey",
            "email": "143862938+Howard1Cranel@users.noreply.github.com",
            "username": "Howard1Cranel"
        },
        "committer": {
            "name": "GitHub",
            "email": "noreply@github.com",
            "username": "web-flow"
        },
        "added": [],
        "removed": [],
        "modified": [
            "templates/form.html"
        ]
    }
}
Received data: {
    "ref": "refs/heads/main",
    "before": "f41e0ed51ce236804aeb478b97dd086ce762b9e0",
    "after": "1428e327d113047c95156bc673f893d8e18f4168",
    "repository": {
        "id": 934600601,
        "node_id": "R_kgDON7TfmQ",
        "name": "calculator",
        "full_name": "Howard1Cranel/calculator",
        "private": false,
        "owner": {
            "name": "Howard1Cranel",
            "email": "143862938+Howard1Cranel@users.noreply.github.com",
            "login": "Howard1Cranel",
            "id": 143862938,
            "node_id": "U_kgDOCJMsmg",
            "avatar_url": "https://avatars.githubusercontent.com/u/143862938?v=4",
            "gravatar_id": "",
            "url": "https://api.github.com/users/Howard1Cranel",
            "html_url": "https://github.com/Howard1Cranel",
            "followers_url": "https://api.github.com/users/Howard1Cranel/followers",
            "following_url": "https://api.github.com/users/Howard1Cranel/following{/other_user}",
            "gists_url": "https://api.github.com/users/Howard1Cranel/gists{/gist_id}",
            "starred_url": "https://api.github.com/users/Howard1Cranel/starred{/owner}{/repo}",
            "subscriptions_url": "https://api.github.com/users/Howard1Cranel/subscriptions",
            "organizations_url": "https://api.github.com/users/Howard1Cranel/orgs",
            "repos_url": "https://api.github.com/users/Howard1Cranel/repos",
            "events_url": "https://api.github.com/users/Howard1Cranel/events{/privacy}",
            "received_events_url": "https://api.github.com/users/Howard1Cranel/received_events",
            "type": "User",
            "user_view_type": "public",
            "site_admin": false
        },
        "html_url": "https://github.com/Howard1Cranel/calculator",
        "description": null,
        "fork": false,
        "url": "https://github.com/Howard1Cranel/calculator",
        "forks_url": "https://api.github.com/repos/Howard1Cranel/calculator/forks",
        "keys_url": "https://api.github.com/repos/Howard1Cranel/calculator/keys{/key_id}",
        "collaborators_url": "https://api.github.com/repos/Howard1Cranel/calculator/collaborators{/collaborator}",
        "teams_url": "https://api.github.com/repos/Howard1Cranel/calculator/teams",
        "hooks_url": "https://api.github.com/repos/Howard1Cranel/calculator/hooks",
        "issue_events_url": "https://api.github.com/repos/Howard1Cranel/calculator/issues/events{/number}",
        "events_url": "https://api.github.com/repos/Howard1Cranel/calculator/events",
        "assignees_url": "https://api.github.com/repos/Howard1Cranel/calculator/assignees{/user}",
        "branches_url": "https://api.github.com/repos/Howard1Cranel/calculator/branches{/branch}",
        "tags_url": "https://api.github.com/repos/Howard1Cranel/calculator/tags",
        "blobs_url": "https://api.github.com/repos/Howard1Cranel/calculator/git/blobs{/sha}",
        "git_tags_url": "https://api.github.com/repos/Howard1Cranel/calculator/git/tags{/sha}",
        "git_refs_url": "https://api.github.com/repos/Howard1Cranel/calculator/git/refs{/sha}",
        "trees_url": "https://api.github.com/repos/Howard1Cranel/calculator/git/trees{/sha}",
        "statuses_url": "https://api.github.com/repos/Howard1Cranel/calculator/statuses/{sha}",
        "languages_url": "https://api.github.com/repos/Howard1Cranel/calculator/languages",
        "stargazers_url": "https://api.github.com/repos/Howard1Cranel/calculator/stargazers",
        "contributors_url": "https://api.github.com/repos/Howard1Cranel/calculator/contributors",
        "subscribers_url": "https://api.github.com/repos/Howard1Cranel/calculator/subscribers",
        "subscription_url": "https://api.github.com/repos/Howard1Cranel/calculator/subscription",
        "commits_url": "https://api.github.com/repos/Howard1Cranel/calculator/commits{/sha}",
        "git_commits_url": "https://api.github.com/repos/Howard1Cranel/calculator/git/commits{/sha}",
        "comments_url": "https://api.github.com/repos/Howard1Cranel/calculator/comments{/number}",
        "issue_comment_url": "https://api.github.com/repos/Howard1Cranel/calculator/issues/comments{/number}",
        "contents_url": "https://api.github.com/repos/Howard1Cranel/calculator/contents/{+path}",
        "compare_url": "https://api.github.com/repos/Howard1Cranel/calculator/compare/{base}...{head}",
        "merges_url": "https://api.github.com/repos/Howard1Cranel/calculator/merges",
        "archive_url": "https://api.github.com/repos/Howard1Cranel/calculator/{archive_format}{/ref}",
        "downloads_url": "https://api.github.com/repos/Howard1Cranel/calculator/downloads",
        "issues_url": "https://api.github.com/repos/Howard1Cranel/calculator/issues{/number}",
        "pulls_url": "https://api.github.com/repos/Howard1Cranel/calculator/pulls{/number}",
        "milestones_url": "https://api.github.com/repos/Howard1Cranel/calculator/milestones{/number}",
        "notifications_url": "https://api.github.com/repos/Howard1Cranel/calculator/notifications{?since,all,participating}",
        "labels_url": "https://api.github.com/repos/Howard1Cranel/calculator/labels{/name}",
        "releases_url": "https://api.github.com/repos/Howard1Cranel/calculator/releases{/id}",
        "deployments_url": "https://api.github.com/repos/Howard1Cranel/calculator/deployments",
        "created_at": 1739855861,
        "updated_at": "2025-02-22T07:55:46Z",
        "pushed_at": 1740211001,
        "git_url": "git://github.com/Howard1Cranel/calculator.git",
        "ssh_url": "git@github.com:Howard1Cranel/calculator.git",
        "clone_url": "https://github.com/Howard1Cranel/calculator.git",
        "svn_url": "https://github.com/Howard1Cranel/calculator",
        "homepage": null,
        "size": 6,
        "stargazers_count": 0,
        "watchers_count": 0,
        "language": "Python",
        "has_issues": true,
        "has_projects": true,
        "has_downloads": true,
        "has_wiki": true,
        "has_pages": false,
        "has_discussions": false,
        "forks_count": 0,
        "mirror_url": null,
        "archived": false,
        "disabled": false,
        "open_issues_count": 0,
        "license": null,
        "allow_forking": true,
        "is_template": false,
        "web_commit_signoff_required": false,
        "topics": [],
        "visibility": "public",
        "forks": 0,
        "open_issues": 0,
        "watchers": 0,
        "default_branch": "main",
        "stargazers": 0,
        "master_branch": "main"
    },
    "pusher": {
        "name": "Howard1Cranel",
        "email": "143862938+Howard1Cranel@users.noreply.github.com"
    },
    "sender": {
        "login": "Howard1Cranel",
        "id": 143862938,
        "node_id": "U_kgDOCJMsmg",
        "avatar_url": "https://avatars.githubusercontent.com/u/143862938?v=4",
        "gravatar_id": "",
        "url": "https://api.github.com/users/Howard1Cranel",
        "html_url": "https://github.com/Howard1Cranel",
        "followers_url": "https://api.github.com/users/Howard1Cranel/followers",
        "following_url": "https://api.github.com/users/Howard1Cranel/following{/other_user}",
        "gists_url": "https://api.github.com/users/Howard1Cranel/gists{/gist_id}",
        "starred_url": "https://api.github.com/users/Howard1Cranel/starred{/owner}{/repo}",
        "subscriptions_url": "https://api.github.com/users/Howard1Cranel/subscriptions",
        "organizations_url": "https://api.github.com/users/Howard1Cranel/orgs",
        "repos_url": "https://api.github.com/users/Howard1Cranel/repos",
        "events_url": "https://api.github.com/users/Howard1Cranel/events{/privacy}",
        "received_events_url": "https://api.github.com/users/Howard1Cranel/received_events",
        "type": "User",
        "user_view_type": "public",
        "site_admin": false
    },
    "created": false,
    "deleted": false,
    "forced": false,
    "base_ref": null,
    "compare": "https://github.com/Howard1Cranel/calculator/compare/f41e0ed51ce2...1428e327d113",
    "commits": [
        {
            "id": "1428e327d113047c95156bc673f893d8e18f4168",
            "tree_id": "ec75c6e2130eb88ce5ed77830c521f20c22e6471",
            "distinct": true,
            "message": "Update form.html",
            "timestamp": "2025-02-22T14:56:41+07:00",
            "url": "https://github.com/Howard1Cranel/calculator/commit/1428e327d113047c95156bc673f893d8e18f4168",
            "author": {
                "name": "Romanov Matvey",
                "email": "143862938+Howard1Cranel@users.noreply.github.com",
                "username": "Howard1Cranel"
            },
            "committer": {
                "name": "GitHub",
                "email": "noreply@github.com",
                "username": "web-flow"
            },
            "added": [],
            "removed": [],
            "modified": [
                "templates/form.html"
            ]
        }
    ],
    "head_commit": {
        "id": "1428e327d113047c95156bc673f893d8e18f4168",
        "tree_id": "ec75c6e2130eb88ce5ed77830c521f20c22e6471",
        "distinct": true,
        "message": "Update form.html",
        "timestamp": "2025-02-22T14:56:41+07:00",
        "url": "https://github.com/Howard1Cranel/calculator/commit/1428e327d113047c95156bc673f893d8e18f4168",
        "author": {
            "name": "Romanov Matvey",
            "email": "143862938+Howard1Cranel@users.noreply.github.com",
            "username": "Howard1Cranel"
        },
        "committer": {
            "name": "GitHub",
            "email": "noreply@github.com",
            "username": "web-flow"
        },
        "added": [],
        "removed": [],
        "modified": [
            "templates/form.html"
        ]
    }
}
